2018-08-29 20:39:42,969 - ************************************************************** 
2018-08-29 20:39:42,969 - Starting Jakarta Velocity v1.4
2018-08-29 20:39:42,969 - RuntimeInstance initializing.
2018-08-29 20:39:42,969 - Default Properties File: org\apache\velocity\runtime\defaults\velocity.properties
2018-08-29 20:39:42,969 - Trying to use logger class org.apache.velocity.runtime.log.SimpleLog4JLogSystem
2018-08-29 20:39:42,969 - Using logger class org.apache.velocity.runtime.log.SimpleLog4JLogSystem
2018-08-29 20:39:42,973 - Default ResourceManager initializing. (class org.apache.velocity.runtime.resource.ResourceManagerImpl)
2018-08-29 20:39:42,976 - Resource Loader Instantiated: org.apache.velocity.runtime.resource.loader.ClasspathResourceLoader
2018-08-29 20:39:42,976 - ClasspathResourceLoader : initialization starting.
2018-08-29 20:39:42,976 - ClasspathResourceLoader : initialization complete.
2018-08-29 20:39:42,977 - ResourceCache : initialized. (class org.apache.velocity.runtime.resource.ResourceCacheImpl)
2018-08-29 20:39:42,977 - Default ResourceManager initialization complete.
2018-08-29 20:39:42,980 - Loaded System Directive: org.apache.velocity.runtime.directive.Literal
2018-08-29 20:39:42,981 - Loaded System Directive: org.apache.velocity.runtime.directive.Macro
2018-08-29 20:39:42,984 - Loaded System Directive: org.apache.velocity.runtime.directive.Parse
2018-08-29 20:39:42,985 - Loaded System Directive: org.apache.velocity.runtime.directive.Include
2018-08-29 20:39:42,986 - Loaded System Directive: org.apache.velocity.runtime.directive.Foreach
2018-08-29 20:39:43,008 - Created: 20 parsers.
2018-08-29 20:39:43,015 - Velocimacro : initialization starting.
2018-08-29 20:39:43,015 - Velocimacro : adding VMs from VM library template : VM_global_library.vm
2018-08-29 20:39:43,027 - ResourceManager : unable to find resource 'VM_global_library.vm' in any resource loader.
2018-08-29 20:39:43,028 - Velocimacro : error using  VM library template VM_global_library.vm : org.apache.velocity.exception.ResourceNotFoundException: Unable to find resource 'VM_global_library.vm'
2018-08-29 20:39:43,028 - Velocimacro :  VM library template macro registration complete.
2018-08-29 20:39:43,028 - Velocimacro : allowInline = true : VMs can be defined inline in templates
2018-08-29 20:39:43,028 - Velocimacro : allowInlineToOverride = false : VMs defined inline may NOT replace previous VM definitions
2018-08-29 20:39:43,028 - Velocimacro : allowInlineLocal = false : VMs defined inline will be  global in scope if allowed.
2018-08-29 20:39:43,028 - Velocimacro : messages on  : VM system will output logging messages
2018-08-29 20:39:43,028 - Velocimacro : autoload off  : VM system will not automatically reload global library macros
2018-08-29 20:39:43,028 - Velocimacro : initialization complete.
2018-08-29 20:39:43,028 - Velocity successfully started.
2018-08-29 20:49:41,611 - SimpleLog4JLogSystem initialized using logfile 'velocity.log'
2018-08-29 20:49:41,611 - ************************************************************** 
2018-08-29 20:49:41,612 - Starting Jakarta Velocity v1.4
2018-08-29 20:49:41,612 - RuntimeInstance initializing.
2018-08-29 20:49:41,612 - Default Properties File: org\apache\velocity\runtime\defaults\velocity.properties
2018-08-29 20:49:41,612 - Trying to use logger class org.apache.velocity.runtime.log.SimpleLog4JLogSystem
2018-08-29 20:49:41,612 - Using logger class org.apache.velocity.runtime.log.SimpleLog4JLogSystem
2018-08-29 20:49:41,614 - Default ResourceManager initializing. (class org.apache.velocity.runtime.resource.ResourceManagerImpl)
2018-08-29 20:49:41,616 - Resource Loader Instantiated: org.apache.velocity.runtime.resource.loader.ClasspathResourceLoader
2018-08-29 20:49:41,616 - ClasspathResourceLoader : initialization starting.
2018-08-29 20:49:41,616 - ClasspathResourceLoader : initialization complete.
2018-08-29 20:49:41,619 - ResourceCache : initialized. (class org.apache.velocity.runtime.resource.ResourceCacheImpl)
2018-08-29 20:49:41,619 - Default ResourceManager initialization complete.
2018-08-29 20:49:41,621 - Loaded System Directive: org.apache.velocity.runtime.directive.Literal
2018-08-29 20:49:41,622 - Loaded System Directive: org.apache.velocity.runtime.directive.Macro
2018-08-29 20:49:41,624 - Loaded System Directive: org.apache.velocity.runtime.directive.Parse
2018-08-29 20:49:41,626 - Loaded System Directive: org.apache.velocity.runtime.directive.Include
2018-08-29 20:49:41,626 - Loaded System Directive: org.apache.velocity.runtime.directive.Foreach
2018-08-29 20:49:41,647 - Created: 20 parsers.
2018-08-29 20:49:41,654 - Velocimacro : initialization starting.
2018-08-29 20:49:41,654 - Velocimacro : adding VMs from VM library template : VM_global_library.vm
2018-08-29 20:49:41,666 - ResourceManager : unable to find resource 'VM_global_library.vm' in any resource loader.
2018-08-29 20:49:41,666 - Velocimacro : error using  VM library template VM_global_library.vm : org.apache.velocity.exception.ResourceNotFoundException: Unable to find resource 'VM_global_library.vm'
2018-08-29 20:49:41,666 - Velocimacro :  VM library template macro registration complete.
2018-08-29 20:49:41,666 - Velocimacro : allowInline = true : VMs can be defined inline in templates
2018-08-29 20:49:41,666 - Velocimacro : allowInlineToOverride = false : VMs defined inline may NOT replace previous VM definitions
2018-08-29 20:49:41,666 - Velocimacro : allowInlineLocal = false : VMs defined inline will be  global in scope if allowed.
2018-08-29 20:49:41,666 - Velocimacro : messages on  : VM system will output logging messages
2018-08-29 20:49:41,666 - Velocimacro : autoload off  : VM system will not automatically reload global library macros
2018-08-29 20:49:41,666 - Velocimacro : initialization complete.
2018-08-29 20:49:41,666 - Velocity successfully started.
2018-08-29 21:03:52,794 - SimpleLog4JLogSystem initialized using logfile 'velocity.log'
2018-08-29 21:03:52,795 - ************************************************************** 
2018-08-29 21:03:52,795 - Starting Jakarta Velocity v1.4
2018-08-29 21:03:52,795 - RuntimeInstance initializing.
2018-08-29 21:03:52,795 - Default Properties File: org\apache\velocity\runtime\defaults\velocity.properties
2018-08-29 21:03:52,795 - Trying to use logger class org.apache.velocity.runtime.log.SimpleLog4JLogSystem
2018-08-29 21:03:52,795 - Using logger class org.apache.velocity.runtime.log.SimpleLog4JLogSystem
2018-08-29 21:03:52,798 - Default ResourceManager initializing. (class org.apache.velocity.runtime.resource.ResourceManagerImpl)
2018-08-29 21:03:52,801 - Resource Loader Instantiated: org.apache.velocity.runtime.resource.loader.ClasspathResourceLoader
2018-08-29 21:03:52,801 - ClasspathResourceLoader : initialization starting.
2018-08-29 21:03:52,801 - ClasspathResourceLoader : initialization complete.
2018-08-29 21:03:52,803 - ResourceCache : initialized. (class org.apache.velocity.runtime.resource.ResourceCacheImpl)
2018-08-29 21:03:52,803 - Default ResourceManager initialization complete.
2018-08-29 21:03:52,806 - Loaded System Directive: org.apache.velocity.runtime.directive.Literal
2018-08-29 21:03:52,808 - Loaded System Directive: org.apache.velocity.runtime.directive.Macro
2018-08-29 21:03:52,810 - Loaded System Directive: org.apache.velocity.runtime.directive.Parse
2018-08-29 21:03:52,812 - Loaded System Directive: org.apache.velocity.runtime.directive.Include
2018-08-29 21:03:52,813 - Loaded System Directive: org.apache.velocity.runtime.directive.Foreach
2018-08-29 21:03:52,839 - Created: 20 parsers.
2018-08-29 21:03:52,846 - Velocimacro : initialization starting.
2018-08-29 21:03:52,846 - Velocimacro : adding VMs from VM library template : VM_global_library.vm
2018-08-29 21:03:52,860 - ResourceManager : unable to find resource 'VM_global_library.vm' in any resource loader.
2018-08-29 21:03:52,860 - Velocimacro : error using  VM library template VM_global_library.vm : org.apache.velocity.exception.ResourceNotFoundException: Unable to find resource 'VM_global_library.vm'
2018-08-29 21:03:52,860 - Velocimacro :  VM library template macro registration complete.
2018-08-29 21:03:52,860 - Velocimacro : allowInline = true : VMs can be defined inline in templates
2018-08-29 21:03:52,860 - Velocimacro : allowInlineToOverride = false : VMs defined inline may NOT replace previous VM definitions
2018-08-29 21:03:52,860 - Velocimacro : allowInlineLocal = false : VMs defined inline will be  global in scope if allowed.
2018-08-29 21:03:52,860 - Velocimacro : messages on  : VM system will output logging messages
2018-08-29 21:03:52,860 - Velocimacro : autoload off  : VM system will not automatically reload global library macros
2018-08-29 21:03:52,860 - Velocimacro : initialization complete.
2018-08-29 21:03:52,860 - Velocity successfully started.
2018-08-29 21:11:35,576 - SimpleLog4JLogSystem initialized using logfile 'velocity.log'
2018-08-29 21:11:35,576 - ************************************************************** 
2018-08-29 21:11:35,576 - Starting Jakarta Velocity v1.4
2018-08-29 21:11:35,576 - RuntimeInstance initializing.
2018-08-29 21:11:35,576 - Default Properties File: org\apache\velocity\runtime\defaults\velocity.properties
2018-08-29 21:11:35,576 - Trying to use logger class org.apache.velocity.runtime.log.SimpleLog4JLogSystem
2018-08-29 21:11:35,576 - Using logger class org.apache.velocity.runtime.log.SimpleLog4JLogSystem
2018-08-29 21:11:35,578 - Default ResourceManager initializing. (class org.apache.velocity.runtime.resource.ResourceManagerImpl)
2018-08-29 21:11:35,581 - Resource Loader Instantiated: org.apache.velocity.runtime.resource.loader.ClasspathResourceLoader
2018-08-29 21:11:35,581 - ClasspathResourceLoader : initialization starting.
2018-08-29 21:11:35,581 - ClasspathResourceLoader : initialization complete.
2018-08-29 21:11:35,582 - ResourceCache : initialized. (class org.apache.velocity.runtime.resource.ResourceCacheImpl)
2018-08-29 21:11:35,582 - Default ResourceManager initialization complete.
2018-08-29 21:11:35,584 - Loaded System Directive: org.apache.velocity.runtime.directive.Literal
2018-08-29 21:11:35,585 - Loaded System Directive: org.apache.velocity.runtime.directive.Macro
2018-08-29 21:11:35,587 - Loaded System Directive: org.apache.velocity.runtime.directive.Parse
2018-08-29 21:11:35,589 - Loaded System Directive: org.apache.velocity.runtime.directive.Include
2018-08-29 21:11:35,589 - Loaded System Directive: org.apache.velocity.runtime.directive.Foreach
2018-08-29 21:11:35,610 - Created: 20 parsers.
2018-08-29 21:11:35,618 - Velocimacro : initialization starting.
2018-08-29 21:11:35,618 - Velocimacro : adding VMs from VM library template : VM_global_library.vm
2018-08-29 21:11:35,629 - ResourceManager : unable to find resource 'VM_global_library.vm' in any resource loader.
2018-08-29 21:11:35,629 - Velocimacro : error using  VM library template VM_global_library.vm : org.apache.velocity.exception.ResourceNotFoundException: Unable to find resource 'VM_global_library.vm'
2018-08-29 21:11:35,629 - Velocimacro :  VM library template macro registration complete.
2018-08-29 21:11:35,629 - Velocimacro : allowInline = true : VMs can be defined inline in templates
2018-08-29 21:11:35,629 - Velocimacro : allowInlineToOverride = false : VMs defined inline may NOT replace previous VM definitions
2018-08-29 21:11:35,629 - Velocimacro : allowInlineLocal = false : VMs defined inline will be  global in scope if allowed.
2018-08-29 21:11:35,629 - Velocimacro : messages on  : VM system will output logging messages
2018-08-29 21:11:35,629 - Velocimacro : autoload off  : VM system will not automatically reload global library macros
2018-08-29 21:11:35,629 - Velocimacro : initialization complete.
2018-08-29 21:11:35,629 - Velocity successfully started.
2018-08-29 21:21:13,627 - SimpleLog4JLogSystem initialized using logfile 'velocity.log'
2018-08-29 21:21:13,627 - ************************************************************** 
2018-08-29 21:21:13,627 - Starting Jakarta Velocity v1.4
2018-08-29 21:21:13,627 - RuntimeInstance initializing.
2018-08-29 21:21:13,627 - Default Properties File: org\apache\velocity\runtime\defaults\velocity.properties
2018-08-29 21:21:13,627 - Trying to use logger class org.apache.velocity.runtime.log.SimpleLog4JLogSystem
2018-08-29 21:21:13,627 - Using logger class org.apache.velocity.runtime.log.SimpleLog4JLogSystem
2018-08-29 21:21:13,630 - Default ResourceManager initializing. (class org.apache.velocity.runtime.resource.ResourceManagerImpl)
2018-08-29 21:21:13,633 - Resource Loader Instantiated: org.apache.velocity.runtime.resource.loader.ClasspathResourceLoader
2018-08-29 21:21:13,633 - ClasspathResourceLoader : initialization starting.
2018-08-29 21:21:13,633 - ClasspathResourceLoader : initialization complete.
2018-08-29 21:21:13,635 - ResourceCache : initialized. (class org.apache.velocity.runtime.resource.ResourceCacheImpl)
2018-08-29 21:21:13,635 - Default ResourceManager initialization complete.
2018-08-29 21:21:13,637 - Loaded System Directive: org.apache.velocity.runtime.directive.Literal
2018-08-29 21:21:13,639 - Loaded System Directive: org.apache.velocity.runtime.directive.Macro
2018-08-29 21:21:13,641 - Loaded System Directive: org.apache.velocity.runtime.directive.Parse
2018-08-29 21:21:13,643 - Loaded System Directive: org.apache.velocity.runtime.directive.Include
2018-08-29 21:21:13,644 - Loaded System Directive: org.apache.velocity.runtime.directive.Foreach
2018-08-29 21:21:13,669 - Created: 20 parsers.
2018-08-29 21:21:13,677 - Velocimacro : initialization starting.
2018-08-29 21:21:13,677 - Velocimacro : adding VMs from VM library template : VM_global_library.vm
2018-08-29 21:21:13,690 - ResourceManager : unable to find resource 'VM_global_library.vm' in any resource loader.
2018-08-29 21:21:13,690 - Velocimacro : error using  VM library template VM_global_library.vm : org.apache.velocity.exception.ResourceNotFoundException: Unable to find resource 'VM_global_library.vm'
2018-08-29 21:21:13,690 - Velocimacro :  VM library template macro registration complete.
2018-08-29 21:21:13,690 - Velocimacro : allowInline = true : VMs can be defined inline in templates
2018-08-29 21:21:13,690 - Velocimacro : allowInlineToOverride = false : VMs defined inline may NOT replace previous VM definitions
2018-08-29 21:21:13,690 - Velocimacro : allowInlineLocal = false : VMs defined inline will be  global in scope if allowed.
2018-08-29 21:21:13,690 - Velocimacro : messages on  : VM system will output logging messages
2018-08-29 21:21:13,690 - Velocimacro : autoload off  : VM system will not automatically reload global library macros
2018-08-29 21:21:13,690 - Velocimacro : initialization complete.
2018-08-29 21:21:13,690 - Velocity successfully started.
2018-08-29 21:39:20,422 - SimpleLog4JLogSystem initialized using logfile 'velocity.log'
2018-08-29 21:39:20,422 - ************************************************************** 
2018-08-29 21:39:20,422 - Starting Jakarta Velocity v1.4
2018-08-29 21:39:20,422 - RuntimeInstance initializing.
2018-08-29 21:39:20,422 - Default Properties File: org\apache\velocity\runtime\defaults\velocity.properties
2018-08-29 21:39:20,422 - Trying to use logger class org.apache.velocity.runtime.log.SimpleLog4JLogSystem
2018-08-29 21:39:20,422 - Using logger class org.apache.velocity.runtime.log.SimpleLog4JLogSystem
2018-08-29 21:39:20,424 - Default ResourceManager initializing. (class org.apache.velocity.runtime.resource.ResourceManagerImpl)
2018-08-29 21:39:20,426 - Resource Loader Instantiated: org.apache.velocity.runtime.resource.loader.ClasspathResourceLoader
2018-08-29 21:39:20,426 - ClasspathResourceLoader : initialization starting.
2018-08-29 21:39:20,426 - ClasspathResourceLoader : initialization complete.
2018-08-29 21:39:20,428 - ResourceCache : initialized. (class org.apache.velocity.runtime.resource.ResourceCacheImpl)
2018-08-29 21:39:20,428 - Default ResourceManager initialization complete.
2018-08-29 21:39:20,431 - Loaded System Directive: org.apache.velocity.runtime.directive.Literal
2018-08-29 21:39:20,432 - Loaded System Directive: org.apache.velocity.runtime.directive.Macro
2018-08-29 21:39:20,434 - Loaded System Directive: org.apache.velocity.runtime.directive.Parse
2018-08-29 21:39:20,435 - Loaded System Directive: org.apache.velocity.runtime.directive.Include
2018-08-29 21:39:20,436 - Loaded System Directive: org.apache.velocity.runtime.directive.Foreach
2018-08-29 21:39:20,457 - Created: 20 parsers.
2018-08-29 21:39:20,463 - Velocimacro : initialization starting.
2018-08-29 21:39:20,463 - Velocimacro : adding VMs from VM library template : VM_global_library.vm
2018-08-29 21:39:20,476 - ResourceManager : unable to find resource 'VM_global_library.vm' in any resource loader.
2018-08-29 21:39:20,476 - Velocimacro : error using  VM library template VM_global_library.vm : org.apache.velocity.exception.ResourceNotFoundException: Unable to find resource 'VM_global_library.vm'
2018-08-29 21:39:20,476 - Velocimacro :  VM library template macro registration complete.
2018-08-29 21:39:20,476 - Velocimacro : allowInline = true : VMs can be defined inline in templates
2018-08-29 21:39:20,476 - Velocimacro : allowInlineToOverride = false : VMs defined inline may NOT replace previous VM definitions
2018-08-29 21:39:20,476 - Velocimacro : allowInlineLocal = false : VMs defined inline will be  global in scope if allowed.
2018-08-29 21:39:20,476 - Velocimacro : messages on  : VM system will output logging messages
2018-08-29 21:39:20,476 - Velocimacro : autoload off  : VM system will not automatically reload global library macros
2018-08-29 21:39:20,476 - Velocimacro : initialization complete.
2018-08-29 21:39:20,476 - Velocity successfully started.
2018-08-29 21:47:08,159 - SimpleLog4JLogSystem initialized using logfile 'velocity.log'
2018-08-29 21:47:08,159 - ************************************************************** 
2018-08-29 21:47:08,159 - Starting Jakarta Velocity v1.4
2018-08-29 21:47:08,159 - RuntimeInstance initializing.
2018-08-29 21:47:08,159 - Default Properties File: org\apache\velocity\runtime\defaults\velocity.properties
2018-08-29 21:47:08,159 - Trying to use logger class org.apache.velocity.runtime.log.SimpleLog4JLogSystem
2018-08-29 21:47:08,159 - Using logger class org.apache.velocity.runtime.log.SimpleLog4JLogSystem
2018-08-29 21:47:08,161 - Default ResourceManager initializing. (class org.apache.velocity.runtime.resource.ResourceManagerImpl)
2018-08-29 21:47:08,163 - Resource Loader Instantiated: org.apache.velocity.runtime.resource.loader.ClasspathResourceLoader
2018-08-29 21:47:08,163 - ClasspathResourceLoader : initialization starting.
2018-08-29 21:47:08,163 - ClasspathResourceLoader : initialization complete.
2018-08-29 21:47:08,164 - ResourceCache : initialized. (class org.apache.velocity.runtime.resource.ResourceCacheImpl)
2018-08-29 21:47:08,164 - Default ResourceManager initialization complete.
2018-08-29 21:47:08,166 - Loaded System Directive: org.apache.velocity.runtime.directive.Literal
2018-08-29 21:47:08,168 - Loaded System Directive: org.apache.velocity.runtime.directive.Macro
2018-08-29 21:47:08,170 - Loaded System Directive: org.apache.velocity.runtime.directive.Parse
2018-08-29 21:47:08,172 - Loaded System Directive: org.apache.velocity.runtime.directive.Include
2018-08-29 21:47:08,172 - Loaded System Directive: org.apache.velocity.runtime.directive.Foreach
2018-08-29 21:47:08,200 - Created: 20 parsers.
2018-08-29 21:47:08,206 - Velocimacro : initialization starting.
2018-08-29 21:47:08,206 - Velocimacro : adding VMs from VM library template : VM_global_library.vm
2018-08-29 21:47:08,217 - ResourceManager : unable to find resource 'VM_global_library.vm' in any resource loader.
2018-08-29 21:47:08,217 - Velocimacro : error using  VM library template VM_global_library.vm : org.apache.velocity.exception.ResourceNotFoundException: Unable to find resource 'VM_global_library.vm'
2018-08-29 21:47:08,217 - Velocimacro :  VM library template macro registration complete.
2018-08-29 21:47:08,217 - Velocimacro : allowInline = true : VMs can be defined inline in templates
2018-08-29 21:47:08,217 - Velocimacro : allowInlineToOverride = false : VMs defined inline may NOT replace previous VM definitions
2018-08-29 21:47:08,217 - Velocimacro : allowInlineLocal = false : VMs defined inline will be  global in scope if allowed.
2018-08-29 21:47:08,217 - Velocimacro : messages on  : VM system will output logging messages
2018-08-29 21:47:08,217 - Velocimacro : autoload off  : VM system will not automatically reload global library macros
2018-08-29 21:47:08,217 - Velocimacro : initialization complete.
2018-08-29 21:47:08,218 - Velocity successfully started.
2018-08-29 22:04:18,654 - SimpleLog4JLogSystem initialized using logfile 'velocity.log'
2018-08-29 22:04:18,655 - ************************************************************** 
2018-08-29 22:04:18,655 - Starting Jakarta Velocity v1.4
2018-08-29 22:04:18,655 - RuntimeInstance initializing.
2018-08-29 22:04:18,655 - Default Properties File: org\apache\velocity\runtime\defaults\velocity.properties
2018-08-29 22:04:18,655 - Trying to use logger class org.apache.velocity.runtime.log.SimpleLog4JLogSystem
2018-08-29 22:04:18,655 - Using logger class org.apache.velocity.runtime.log.SimpleLog4JLogSystem
2018-08-29 22:04:18,658 - Default ResourceManager initializing. (class org.apache.velocity.runtime.resource.ResourceManagerImpl)
2018-08-29 22:04:18,661 - Resource Loader Instantiated: org.apache.velocity.runtime.resource.loader.ClasspathResourceLoader
2018-08-29 22:04:18,661 - ClasspathResourceLoader : initialization starting.
2018-08-29 22:04:18,661 - ClasspathResourceLoader : initialization complete.
2018-08-29 22:04:18,663 - ResourceCache : initialized. (class org.apache.velocity.runtime.resource.ResourceCacheImpl)
2018-08-29 22:04:18,663 - Default ResourceManager initialization complete.
2018-08-29 22:04:18,666 - Loaded System Directive: org.apache.velocity.runtime.directive.Literal
2018-08-29 22:04:18,668 - Loaded System Directive: org.apache.velocity.runtime.directive.Macro
2018-08-29 22:04:18,671 - Loaded System Directive: org.apache.velocity.runtime.directive.Parse
2018-08-29 22:04:18,672 - Loaded System Directive: org.apache.velocity.runtime.directive.Include
2018-08-29 22:04:18,673 - Loaded System Directive: org.apache.velocity.runtime.directive.Foreach
2018-08-29 22:04:18,699 - Created: 20 parsers.
2018-08-29 22:04:18,705 - Velocimacro : initialization starting.
2018-08-29 22:04:18,705 - Velocimacro : adding VMs from VM library template : VM_global_library.vm
2018-08-29 22:04:18,719 - ResourceManager : unable to find resource 'VM_global_library.vm' in any resource loader.
2018-08-29 22:04:18,719 - Velocimacro : error using  VM library template VM_global_library.vm : org.apache.velocity.exception.ResourceNotFoundException: Unable to find resource 'VM_global_library.vm'
2018-08-29 22:04:18,719 - Velocimacro :  VM library template macro registration complete.
2018-08-29 22:04:18,719 - Velocimacro : allowInline = true : VMs can be defined inline in templates
2018-08-29 22:04:18,719 - Velocimacro : allowInlineToOverride = false : VMs defined inline may NOT replace previous VM definitions
2018-08-29 22:04:18,719 - Velocimacro : allowInlineLocal = false : VMs defined inline will be  global in scope if allowed.
2018-08-29 22:04:18,719 - Velocimacro : messages on  : VM system will output logging messages
2018-08-29 22:04:18,719 - Velocimacro : autoload off  : VM system will not automatically reload global library macros
2018-08-29 22:04:18,719 - Velocimacro : initialization complete.
2018-08-29 22:04:18,719 - Velocity successfully started.
2018-08-29 22:08:03,578 - SimpleLog4JLogSystem initialized using logfile 'velocity.log'
2018-08-29 22:08:03,578 - ************************************************************** 
2018-08-29 22:08:03,578 - Starting Jakarta Velocity v1.4
2018-08-29 22:08:03,578 - RuntimeInstance initializing.
2018-08-29 22:08:03,578 - Default Properties File: org\apache\velocity\runtime\defaults\velocity.properties
2018-08-29 22:08:03,579 - Trying to use logger class org.apache.velocity.runtime.log.SimpleLog4JLogSystem
2018-08-29 22:08:03,579 - Using logger class org.apache.velocity.runtime.log.SimpleLog4JLogSystem
2018-08-29 22:08:03,582 - Default ResourceManager initializing. (class org.apache.velocity.runtime.resource.ResourceManagerImpl)
2018-08-29 22:08:03,584 - Resource Loader Instantiated: org.apache.velocity.runtime.resource.loader.ClasspathResourceLoader
2018-08-29 22:08:03,584 - ClasspathResourceLoader : initialization starting.
2018-08-29 22:08:03,584 - ClasspathResourceLoader : initialization complete.
2018-08-29 22:08:03,585 - ResourceCache : initialized. (class org.apache.velocity.runtime.resource.ResourceCacheImpl)
2018-08-29 22:08:03,585 - Default ResourceManager initialization complete.
2018-08-29 22:08:03,587 - Loaded System Directive: org.apache.velocity.runtime.directive.Literal
2018-08-29 22:08:03,589 - Loaded System Directive: org.apache.velocity.runtime.directive.Macro
2018-08-29 22:08:03,591 - Loaded System Directive: org.apache.velocity.runtime.directive.Parse
2018-08-29 22:08:03,592 - Loaded System Directive: org.apache.velocity.runtime.directive.Include
2018-08-29 22:08:03,593 - Loaded System Directive: org.apache.velocity.runtime.directive.Foreach
2018-08-29 22:08:03,613 - Created: 20 parsers.
2018-08-29 22:08:03,620 - Velocimacro : initialization starting.
2018-08-29 22:08:03,620 - Velocimacro : adding VMs from VM library template : VM_global_library.vm
2018-08-29 22:08:03,631 - ResourceManager : unable to find resource 'VM_global_library.vm' in any resource loader.
2018-08-29 22:08:03,631 - Velocimacro : error using  VM library template VM_global_library.vm : org.apache.velocity.exception.ResourceNotFoundException: Unable to find resource 'VM_global_library.vm'
2018-08-29 22:08:03,631 - Velocimacro :  VM library template macro registration complete.
2018-08-29 22:08:03,631 - Velocimacro : allowInline = true : VMs can be defined inline in templates
2018-08-29 22:08:03,631 - Velocimacro : allowInlineToOverride = false : VMs defined inline may NOT replace previous VM definitions
2018-08-29 22:08:03,631 - Velocimacro : allowInlineLocal = false : VMs defined inline will be  global in scope if allowed.
2018-08-29 22:08:03,631 - Velocimacro : messages on  : VM system will output logging messages
2018-08-29 22:08:03,631 - Velocimacro : autoload off  : VM system will not automatically reload global library macros
2018-08-29 22:08:03,631 - Velocimacro : initialization complete.
2018-08-29 22:08:03,631 - Velocity successfully started.
2018-08-29 22:09:28,153 - SimpleLog4JLogSystem initialized using logfile 'velocity.log'
2018-08-29 22:09:28,154 - ************************************************************** 
2018-08-29 22:09:28,154 - Starting Jakarta Velocity v1.4
2018-08-29 22:09:28,154 - RuntimeInstance initializing.
2018-08-29 22:09:28,154 - Default Properties File: org\apache\velocity\runtime\defaults\velocity.properties
2018-08-29 22:09:28,154 - Trying to use logger class org.apache.velocity.runtime.log.SimpleLog4JLogSystem
2018-08-29 22:09:28,154 - Using logger class org.apache.velocity.runtime.log.SimpleLog4JLogSystem
2018-08-29 22:09:28,157 - Default ResourceManager initializing. (class org.apache.velocity.runtime.resource.ResourceManagerImpl)
2018-08-29 22:09:28,166 - Resource Loader Instantiated: org.apache.velocity.runtime.resource.loader.ClasspathResourceLoader
2018-08-29 22:09:28,166 - ClasspathResourceLoader : initialization starting.
2018-08-29 22:09:28,166 - ClasspathResourceLoader : initialization complete.
2018-08-29 22:09:28,168 - ResourceCache : initialized. (class org.apache.velocity.runtime.resource.ResourceCacheImpl)
2018-08-29 22:09:28,168 - Default ResourceManager initialization complete.
2018-08-29 22:09:28,170 - Loaded System Directive: org.apache.velocity.runtime.directive.Literal
2018-08-29 22:09:28,172 - Loaded System Directive: org.apache.velocity.runtime.directive.Macro
2018-08-29 22:09:28,175 - Loaded System Directive: org.apache.velocity.runtime.directive.Parse
2018-08-29 22:09:28,176 - Loaded System Directive: org.apache.velocity.runtime.directive.Include
2018-08-29 22:09:28,178 - Loaded System Directive: org.apache.velocity.runtime.directive.Foreach
2018-08-29 22:09:28,205 - Created: 20 parsers.
2018-08-29 22:09:28,212 - Velocimacro : initialization starting.
2018-08-29 22:09:28,213 - Velocimacro : adding VMs from VM library template : VM_global_library.vm
2018-08-29 22:09:28,225 - ResourceManager : unable to find resource 'VM_global_library.vm' in any resource loader.
2018-08-29 22:09:28,225 - Velocimacro : error using  VM library template VM_global_library.vm : org.apache.velocity.exception.ResourceNotFoundException: Unable to find resource 'VM_global_library.vm'
2018-08-29 22:09:28,225 - Velocimacro :  VM library template macro registration complete.
2018-08-29 22:09:28,225 - Velocimacro : allowInline = true : VMs can be defined inline in templates
2018-08-29 22:09:28,225 - Velocimacro : allowInlineToOverride = false : VMs defined inline may NOT replace previous VM definitions
2018-08-29 22:09:28,225 - Velocimacro : allowInlineLocal = false : VMs defined inline will be  global in scope if allowed.
2018-08-29 22:09:28,225 - Velocimacro : messages on  : VM system will output logging messages
2018-08-29 22:09:28,225 - Velocimacro : autoload off  : VM system will not automatically reload global library macros
2018-08-29 22:09:28,225 - Velocimacro : initialization complete.
2018-08-29 22:09:28,225 - Velocity successfully started.
